<!DOCTYPE html>
<html>
<head>
<meta http-equiv="Content-Type" content="text/html; charset=utf-8"/>
<meta http-equiv="x-ua-compatible" content="IE=edge"/>
<title>Test results - Class org.xbib.elasticsearch.index.mapper.langdetect.LangdetectMappingTest</title>
<link href="../css/base-style.css" rel="stylesheet" type="text/css"/>
<link href="../css/style.css" rel="stylesheet" type="text/css"/>
<script src="../js/report.js" type="text/javascript"></script>
</head>
<body>
<div id="content">
<h1>Class org.xbib.elasticsearch.index.mapper.langdetect.LangdetectMappingTest</h1>
<div class="breadcrumbs">
<a href="../index.html">all</a> &gt; 
<a href="../packages/org.xbib.elasticsearch.index.mapper.langdetect.html">org.xbib.elasticsearch.index.mapper.langdetect</a> &gt; LangdetectMappingTest</div>
<div id="summary">
<table>
<tr>
<td>
<div class="summaryGroup">
<table>
<tr>
<td>
<div class="infoBox" id="tests">
<div class="counter">6</div>
<p>tests</p>
</div>
</td>
<td>
<div class="infoBox" id="failures">
<div class="counter">0</div>
<p>failures</p>
</div>
</td>
<td>
<div class="infoBox" id="ignored">
<div class="counter">0</div>
<p>ignored</p>
</div>
</td>
<td>
<div class="infoBox" id="duration">
<div class="counter">2.649s</div>
<p>duration</p>
</div>
</td>
</tr>
</table>
</div>
</td>
<td>
<div class="infoBox success" id="successRate">
<div class="percent">100%</div>
<p>successful</p>
</div>
</td>
</tr>
</table>
</div>
<div id="tabs">
<ul class="tabLinks">
<li>
<a href="#tab0">Tests</a>
</li>
<li>
<a href="#tab1">Standard output</a>
</li>
</ul>
<div id="tab0" class="tab">
<h2>Tests</h2>
<table>
<thead>
<tr>
<th>Test</th>
<th>Duration</th>
<th>Result</th>
</tr>
</thead>
<tr>
<td class="success">testBinary</td>
<td>0.373s</td>
<td class="success">passed</td>
</tr>
<tr>
<td class="success">testBinary2</td>
<td>0.374s</td>
<td class="success">passed</td>
</tr>
<tr>
<td class="success">testCustomMappings</td>
<td>0.183s</td>
<td class="success">passed</td>
</tr>
<tr>
<td class="success">testShortTextProfile</td>
<td>1.011s</td>
<td class="success">passed</td>
</tr>
<tr>
<td class="success">testSimpleMappings</td>
<td>0.342s</td>
<td class="success">passed</td>
</tr>
<tr>
<td class="success">testToFields</td>
<td>0.366s</td>
<td class="success">passed</td>
</tr>
</table>
</div>
<div id="tab1" class="tab">
<h2>Standard output</h2>
<span class="code">
<pre>[16:16:12,060][DEBUG][org.elasticsearch.index.mapper.MapperService][Test worker] using dynamic[true]
[16:16:12,248][DEBUG][org.xbib.elasticsearch.common.langdetect.LangdetectService][Test worker] language detection service installed for [ar, bg, bn, cs, da, de, el, en, es, et, fa, fi, fr, gu, he, hi, hr, hu, id, it, ja, ko, lt, lv, mk, ml, nl, no, pa, pl, pt, ro, ru, sq, sv, ta, te, th, tl, tr, uk, ur, vi, zh-cn, zh-tw]
[16:16:12,251][DEBUG][org.elasticsearch.index.mapper.MapperService][Test worker] using dynamic[true]
[16:16:12,413][DEBUG][org.xbib.elasticsearch.common.langdetect.LangdetectService][Test worker] language detection service installed for [ar, bg, bn, cs, da, de, el, en, es, et, fa, fi, fr, gu, he, hi, hr, hu, id, it, ja, ko, lt, lv, mk, ml, nl, no, pa, pl, pt, ro, ru, sq, sv, ta, te, th, tl, tr, uk, ur, vi, zh-cn, zh-tw]
[16:16:12,419][DEBUG][org.elasticsearch.index.mapper.MapperService][Test worker] using dynamic[true]
[16:16:12,591][DEBUG][org.xbib.elasticsearch.common.langdetect.LangdetectService][Test worker] language detection service installed for [ar, bg, bn, cs, da, de, el, en, es, et, fa, fi, fr, gu, he, hi, hr, hu, id, it, ja, ko, lt, lv, mk, ml, nl, no, pa, pl, pt, ro, ru, sq, sv, ta, te, th, tl, tr, uk, ur, vi, zh-cn, zh-tw]
[16:16:12,595][ERROR][org.xbib.elasticsearch.index.mapper.langdetect.LangdetectMapper][Test worker] Illegal character '&quot;' (code 0x22) in base64 content
 at [Source: org.elasticsearch.common.bytes.BytesReference$MarkSupportingStreamInputWrapper@5559ab11; line: 1, column: 73]
com.fasterxml.jackson.core.JsonParseException: Illegal character '&quot;' (code 0x22) in base64 content
 at [Source: org.elasticsearch.common.bytes.BytesReference$MarkSupportingStreamInputWrapper@5559ab11; line: 1, column: 73]
	at com.fasterxml.jackson.core.JsonParser._constructError(JsonParser.java:1702) ~[jackson-core-2.8.1.jar:2.8.1]
	at com.fasterxml.jackson.core.base.ParserMinimalBase._reportError(ParserMinimalBase.java:558) ~[jackson-core-2.8.1.jar:2.8.1]
	at com.fasterxml.jackson.core.base.ParserMinimalBase._decodeBase64(ParserMinimalBase.java:422) ~[jackson-core-2.8.1.jar:2.8.1]
	at com.fasterxml.jackson.core.json.UTF8StreamJsonParser.getBinaryValue(UTF8StreamJsonParser.java:553) ~[jackson-core-2.8.1.jar:2.8.1]
	at com.fasterxml.jackson.core.JsonParser.getBinaryValue(JsonParser.java:1346) ~[jackson-core-2.8.1.jar:2.8.1]
	at org.elasticsearch.common.xcontent.json.JsonXContentParser.binaryValue(JsonXContentParser.java:182) ~[elasticsearch-5.1.2.jar:5.1.2]
	at org.xbib.elasticsearch.index.mapper.langdetect.LangdetectMapper.parseCreateField(LangdetectMapper.java:96) [main/:?]
	at org.elasticsearch.index.mapper.FieldMapper.parse(FieldMapper.java:286) [elasticsearch-5.1.2.jar:5.1.2]
	at org.elasticsearch.index.mapper.FieldMapper$MultiFields.parse(FieldMapper.java:560) [elasticsearch-5.1.2.jar:5.1.2]
	at org.elasticsearch.index.mapper.FieldMapper.parse(FieldMapper.java:299) [elasticsearch-5.1.2.jar:5.1.2]
	at org.elasticsearch.index.mapper.DocumentParser.parseObjectOrField(DocumentParser.java:438) [elasticsearch-5.1.2.jar:5.1.2]
	at org.elasticsearch.index.mapper.DocumentParser.parseValue(DocumentParser.java:564) [elasticsearch-5.1.2.jar:5.1.2]
	at org.elasticsearch.index.mapper.DocumentParser.innerParseObject(DocumentParser.java:384) [elasticsearch-5.1.2.jar:5.1.2]
	at org.elasticsearch.index.mapper.DocumentParser.parseObjectOrNested(DocumentParser.java:361) [elasticsearch-5.1.2.jar:5.1.2]
	at org.elasticsearch.index.mapper.DocumentParser.internalParseDocument(DocumentParser.java:93) [elasticsearch-5.1.2.jar:5.1.2]
	at org.elasticsearch.index.mapper.DocumentParser.parseDocument(DocumentParser.java:66) [elasticsearch-5.1.2.jar:5.1.2]
	at org.elasticsearch.index.mapper.DocumentMapper.parse(DocumentMapper.java:275) [elasticsearch-5.1.2.jar:5.1.2]
	at org.elasticsearch.index.mapper.DocumentMapper.parse(DocumentMapper.java:271) [elasticsearch-5.1.2.jar:5.1.2]
	at org.xbib.elasticsearch.index.mapper.langdetect.LangdetectMappingTest.testBinary2(LangdetectMappingTest.java:78) [test/:?]
	at sun.reflect.NativeMethodAccessorImpl.invoke0(Native Method) ~[?:1.8.0_112]
	at sun.reflect.NativeMethodAccessorImpl.invoke(NativeMethodAccessorImpl.java:62) ~[?:1.8.0_112]
	at sun.reflect.DelegatingMethodAccessorImpl.invoke(DelegatingMethodAccessorImpl.java:43) ~[?:1.8.0_112]
	at java.lang.reflect.Method.invoke(Method.java:498) ~[?:1.8.0_112]
	at org.junit.runners.model.FrameworkMethod$1.runReflectiveCall(FrameworkMethod.java:50) [junit-4.12.jar:4.12]
	at org.junit.internal.runners.model.ReflectiveCallable.run(ReflectiveCallable.java:12) [junit-4.12.jar:4.12]
	at org.junit.runners.model.FrameworkMethod.invokeExplosively(FrameworkMethod.java:47) [junit-4.12.jar:4.12]
	at org.junit.internal.runners.statements.InvokeMethod.evaluate(InvokeMethod.java:17) [junit-4.12.jar:4.12]
	at org.junit.runners.ParentRunner.runLeaf(ParentRunner.java:325) [junit-4.12.jar:4.12]
	at org.junit.runners.BlockJUnit4ClassRunner.runChild(BlockJUnit4ClassRunner.java:78) [junit-4.12.jar:4.12]
	at org.junit.runners.BlockJUnit4ClassRunner.runChild(BlockJUnit4ClassRunner.java:57) [junit-4.12.jar:4.12]
	at org.junit.runners.ParentRunner$3.run(ParentRunner.java:290) [junit-4.12.jar:4.12]
	at org.junit.runners.ParentRunner$1.schedule(ParentRunner.java:71) [junit-4.12.jar:4.12]
	at org.junit.runners.ParentRunner.runChildren(ParentRunner.java:288) [junit-4.12.jar:4.12]
	at org.junit.runners.ParentRunner.access$000(ParentRunner.java:58) [junit-4.12.jar:4.12]
	at org.junit.runners.ParentRunner$2.evaluate(ParentRunner.java:268) [junit-4.12.jar:4.12]
	at org.junit.runners.ParentRunner.run(ParentRunner.java:363) [junit-4.12.jar:4.12]
	at org.gradle.api.internal.tasks.testing.junit.JUnitTestClassExecuter.runTestClass(JUnitTestClassExecuter.java:114) [gradle-testing-jvm-3.2.1.jar:3.2.1]
	at org.gradle.api.internal.tasks.testing.junit.JUnitTestClassExecuter.execute(JUnitTestClassExecuter.java:57) [gradle-testing-jvm-3.2.1.jar:3.2.1]
	at org.gradle.api.internal.tasks.testing.junit.JUnitTestClassProcessor.processTestClass(JUnitTestClassProcessor.java:66) [gradle-testing-jvm-3.2.1.jar:3.2.1]
	at org.gradle.api.internal.tasks.testing.SuiteTestClassProcessor.processTestClass(SuiteTestClassProcessor.java:51) [gradle-testing-base-3.2.1.jar:3.2.1]
	at sun.reflect.NativeMethodAccessorImpl.invoke0(Native Method) ~[?:1.8.0_112]
	at sun.reflect.NativeMethodAccessorImpl.invoke(NativeMethodAccessorImpl.java:62) ~[?:1.8.0_112]
	at sun.reflect.DelegatingMethodAccessorImpl.invoke(DelegatingMethodAccessorImpl.java:43) ~[?:1.8.0_112]
	at java.lang.reflect.Method.invoke(Method.java:498) ~[?:1.8.0_112]
	at org.gradle.internal.dispatch.ReflectionDispatch.dispatch(ReflectionDispatch.java:35) [gradle-messaging-3.2.1.jar:3.2.1]
	at org.gradle.internal.dispatch.ReflectionDispatch.dispatch(ReflectionDispatch.java:24) [gradle-messaging-3.2.1.jar:3.2.1]
	at org.gradle.internal.dispatch.ContextClassLoaderDispatch.dispatch(ContextClassLoaderDispatch.java:32) [gradle-messaging-3.2.1.jar:3.2.1]
	at org.gradle.internal.dispatch.ProxyDispatchAdapter$DispatchingInvocationHandler.invoke(ProxyDispatchAdapter.java:93) [gradle-messaging-3.2.1.jar:3.2.1]
	at com.sun.proxy.$Proxy2.processTestClass(Unknown Source) [?:?]
	at org.gradle.api.internal.tasks.testing.worker.TestWorker.processTestClass(TestWorker.java:109) [gradle-testing-base-3.2.1.jar:3.2.1]
	at sun.reflect.NativeMethodAccessorImpl.invoke0(Native Method) ~[?:1.8.0_112]
	at sun.reflect.NativeMethodAccessorImpl.invoke(NativeMethodAccessorImpl.java:62) ~[?:1.8.0_112]
	at sun.reflect.DelegatingMethodAccessorImpl.invoke(DelegatingMethodAccessorImpl.java:43) ~[?:1.8.0_112]
	at java.lang.reflect.Method.invoke(Method.java:498) ~[?:1.8.0_112]
	at org.gradle.internal.dispatch.ReflectionDispatch.dispatch(ReflectionDispatch.java:35) [gradle-messaging-3.2.1.jar:3.2.1]
	at org.gradle.internal.dispatch.ReflectionDispatch.dispatch(ReflectionDispatch.java:24) [gradle-messaging-3.2.1.jar:3.2.1]
	at org.gradle.internal.remote.internal.hub.MessageHub$Handler.run(MessageHub.java:377) [gradle-messaging-3.2.1.jar:3.2.1]
	at org.gradle.internal.concurrent.ExecutorPolicy$CatchAndRecordFailures.onExecute(ExecutorPolicy.java:54) [gradle-base-services-3.2.1.jar:3.2.1]
	at org.gradle.internal.concurrent.StoppableExecutorImpl$1.run(StoppableExecutorImpl.java:40) [gradle-base-services-3.2.1.jar:3.2.1]
	at java.util.concurrent.ThreadPoolExecutor.runWorker(ThreadPoolExecutor.java:1142) [?:1.8.0_112]
	at java.util.concurrent.ThreadPoolExecutor$Worker.run(ThreadPoolExecutor.java:617) [?:1.8.0_112]
	at java.lang.Thread.run(Thread.java:745) [?:1.8.0_112]
[16:16:12,604][DEBUG][org.elasticsearch.index.mapper.MapperService][Test worker] using dynamic[true]
[16:16:12,787][DEBUG][org.xbib.elasticsearch.common.langdetect.LangdetectService][Test worker] language detection service installed for [ar, bg, bn, cs, da, de, el, en, es, et, fa, fi, fr, gu, he, hi, hr, hu, id, it, ja, ko, lt, lv, mk, ml, nl, no, pa, pl, pt, ro, ru, sq, sv, ta, te, th, tl, tr, uk, ur, vi, zh-cn, zh-tw]
[16:16:12,788][ERROR][org.xbib.elasticsearch.index.mapper.langdetect.LangdetectMapper][Test worker] Illegal character '&quot;' (code 0x22) in base64 content
 at [Source: org.elasticsearch.common.bytes.BytesReference$MarkSupportingStreamInputWrapper@3ee35472; line: 1, column: 73]
com.fasterxml.jackson.core.JsonParseException: Illegal character '&quot;' (code 0x22) in base64 content
 at [Source: org.elasticsearch.common.bytes.BytesReference$MarkSupportingStreamInputWrapper@3ee35472; line: 1, column: 73]
	at com.fasterxml.jackson.core.JsonParser._constructError(JsonParser.java:1702) ~[jackson-core-2.8.1.jar:2.8.1]
	at com.fasterxml.jackson.core.base.ParserMinimalBase._reportError(ParserMinimalBase.java:558) ~[jackson-core-2.8.1.jar:2.8.1]
	at com.fasterxml.jackson.core.base.ParserMinimalBase._decodeBase64(ParserMinimalBase.java:422) ~[jackson-core-2.8.1.jar:2.8.1]
	at com.fasterxml.jackson.core.json.UTF8StreamJsonParser.getBinaryValue(UTF8StreamJsonParser.java:553) ~[jackson-core-2.8.1.jar:2.8.1]
	at com.fasterxml.jackson.core.JsonParser.getBinaryValue(JsonParser.java:1346) ~[jackson-core-2.8.1.jar:2.8.1]
	at org.elasticsearch.common.xcontent.json.JsonXContentParser.binaryValue(JsonXContentParser.java:182) ~[elasticsearch-5.1.2.jar:5.1.2]
	at org.xbib.elasticsearch.index.mapper.langdetect.LangdetectMapper.parseCreateField(LangdetectMapper.java:96) [main/:?]
	at org.elasticsearch.index.mapper.FieldMapper.parse(FieldMapper.java:286) [elasticsearch-5.1.2.jar:5.1.2]
	at org.elasticsearch.index.mapper.FieldMapper$MultiFields.parse(FieldMapper.java:560) [elasticsearch-5.1.2.jar:5.1.2]
	at org.elasticsearch.index.mapper.FieldMapper.parse(FieldMapper.java:299) [elasticsearch-5.1.2.jar:5.1.2]
	at org.elasticsearch.index.mapper.DocumentParser.parseObjectOrField(DocumentParser.java:438) [elasticsearch-5.1.2.jar:5.1.2]
	at org.elasticsearch.index.mapper.DocumentParser.parseValue(DocumentParser.java:564) [elasticsearch-5.1.2.jar:5.1.2]
	at org.elasticsearch.index.mapper.DocumentParser.innerParseObject(DocumentParser.java:384) [elasticsearch-5.1.2.jar:5.1.2]
	at org.elasticsearch.index.mapper.DocumentParser.parseObjectOrNested(DocumentParser.java:361) [elasticsearch-5.1.2.jar:5.1.2]
	at org.elasticsearch.index.mapper.DocumentParser.internalParseDocument(DocumentParser.java:93) [elasticsearch-5.1.2.jar:5.1.2]
	at org.elasticsearch.index.mapper.DocumentParser.parseDocument(DocumentParser.java:66) [elasticsearch-5.1.2.jar:5.1.2]
	at org.elasticsearch.index.mapper.DocumentMapper.parse(DocumentMapper.java:275) [elasticsearch-5.1.2.jar:5.1.2]
	at org.elasticsearch.index.mapper.DocumentMapper.parse(DocumentMapper.java:271) [elasticsearch-5.1.2.jar:5.1.2]
	at org.xbib.elasticsearch.index.mapper.langdetect.LangdetectMappingTest.testBinary2(LangdetectMappingTest.java:88) [test/:?]
	at sun.reflect.NativeMethodAccessorImpl.invoke0(Native Method) ~[?:1.8.0_112]
	at sun.reflect.NativeMethodAccessorImpl.invoke(NativeMethodAccessorImpl.java:62) ~[?:1.8.0_112]
	at sun.reflect.DelegatingMethodAccessorImpl.invoke(DelegatingMethodAccessorImpl.java:43) ~[?:1.8.0_112]
	at java.lang.reflect.Method.invoke(Method.java:498) ~[?:1.8.0_112]
	at org.junit.runners.model.FrameworkMethod$1.runReflectiveCall(FrameworkMethod.java:50) [junit-4.12.jar:4.12]
	at org.junit.internal.runners.model.ReflectiveCallable.run(ReflectiveCallable.java:12) [junit-4.12.jar:4.12]
	at org.junit.runners.model.FrameworkMethod.invokeExplosively(FrameworkMethod.java:47) [junit-4.12.jar:4.12]
	at org.junit.internal.runners.statements.InvokeMethod.evaluate(InvokeMethod.java:17) [junit-4.12.jar:4.12]
	at org.junit.runners.ParentRunner.runLeaf(ParentRunner.java:325) [junit-4.12.jar:4.12]
	at org.junit.runners.BlockJUnit4ClassRunner.runChild(BlockJUnit4ClassRunner.java:78) [junit-4.12.jar:4.12]
	at org.junit.runners.BlockJUnit4ClassRunner.runChild(BlockJUnit4ClassRunner.java:57) [junit-4.12.jar:4.12]
	at org.junit.runners.ParentRunner$3.run(ParentRunner.java:290) [junit-4.12.jar:4.12]
	at org.junit.runners.ParentRunner$1.schedule(ParentRunner.java:71) [junit-4.12.jar:4.12]
	at org.junit.runners.ParentRunner.runChildren(ParentRunner.java:288) [junit-4.12.jar:4.12]
	at org.junit.runners.ParentRunner.access$000(ParentRunner.java:58) [junit-4.12.jar:4.12]
	at org.junit.runners.ParentRunner$2.evaluate(ParentRunner.java:268) [junit-4.12.jar:4.12]
	at org.junit.runners.ParentRunner.run(ParentRunner.java:363) [junit-4.12.jar:4.12]
	at org.gradle.api.internal.tasks.testing.junit.JUnitTestClassExecuter.runTestClass(JUnitTestClassExecuter.java:114) [gradle-testing-jvm-3.2.1.jar:3.2.1]
	at org.gradle.api.internal.tasks.testing.junit.JUnitTestClassExecuter.execute(JUnitTestClassExecuter.java:57) [gradle-testing-jvm-3.2.1.jar:3.2.1]
	at org.gradle.api.internal.tasks.testing.junit.JUnitTestClassProcessor.processTestClass(JUnitTestClassProcessor.java:66) [gradle-testing-jvm-3.2.1.jar:3.2.1]
	at org.gradle.api.internal.tasks.testing.SuiteTestClassProcessor.processTestClass(SuiteTestClassProcessor.java:51) [gradle-testing-base-3.2.1.jar:3.2.1]
	at sun.reflect.NativeMethodAccessorImpl.invoke0(Native Method) ~[?:1.8.0_112]
	at sun.reflect.NativeMethodAccessorImpl.invoke(NativeMethodAccessorImpl.java:62) ~[?:1.8.0_112]
	at sun.reflect.DelegatingMethodAccessorImpl.invoke(DelegatingMethodAccessorImpl.java:43) ~[?:1.8.0_112]
	at java.lang.reflect.Method.invoke(Method.java:498) ~[?:1.8.0_112]
	at org.gradle.internal.dispatch.ReflectionDispatch.dispatch(ReflectionDispatch.java:35) [gradle-messaging-3.2.1.jar:3.2.1]
	at org.gradle.internal.dispatch.ReflectionDispatch.dispatch(ReflectionDispatch.java:24) [gradle-messaging-3.2.1.jar:3.2.1]
	at org.gradle.internal.dispatch.ContextClassLoaderDispatch.dispatch(ContextClassLoaderDispatch.java:32) [gradle-messaging-3.2.1.jar:3.2.1]
	at org.gradle.internal.dispatch.ProxyDispatchAdapter$DispatchingInvocationHandler.invoke(ProxyDispatchAdapter.java:93) [gradle-messaging-3.2.1.jar:3.2.1]
	at com.sun.proxy.$Proxy2.processTestClass(Unknown Source) [?:?]
	at org.gradle.api.internal.tasks.testing.worker.TestWorker.processTestClass(TestWorker.java:109) [gradle-testing-base-3.2.1.jar:3.2.1]
	at sun.reflect.NativeMethodAccessorImpl.invoke0(Native Method) ~[?:1.8.0_112]
	at sun.reflect.NativeMethodAccessorImpl.invoke(NativeMethodAccessorImpl.java:62) ~[?:1.8.0_112]
	at sun.reflect.DelegatingMethodAccessorImpl.invoke(DelegatingMethodAccessorImpl.java:43) ~[?:1.8.0_112]
	at java.lang.reflect.Method.invoke(Method.java:498) ~[?:1.8.0_112]
	at org.gradle.internal.dispatch.ReflectionDispatch.dispatch(ReflectionDispatch.java:35) [gradle-messaging-3.2.1.jar:3.2.1]
	at org.gradle.internal.dispatch.ReflectionDispatch.dispatch(ReflectionDispatch.java:24) [gradle-messaging-3.2.1.jar:3.2.1]
	at org.gradle.internal.remote.internal.hub.MessageHub$Handler.run(MessageHub.java:377) [gradle-messaging-3.2.1.jar:3.2.1]
	at org.gradle.internal.concurrent.ExecutorPolicy$CatchAndRecordFailures.onExecute(ExecutorPolicy.java:54) [gradle-base-services-3.2.1.jar:3.2.1]
	at org.gradle.internal.concurrent.StoppableExecutorImpl$1.run(StoppableExecutorImpl.java:40) [gradle-base-services-3.2.1.jar:3.2.1]
	at java.util.concurrent.ThreadPoolExecutor.runWorker(ThreadPoolExecutor.java:1142) [?:1.8.0_112]
	at java.util.concurrent.ThreadPoolExecutor$Worker.run(ThreadPoolExecutor.java:617) [?:1.8.0_112]
	at java.lang.Thread.run(Thread.java:745) [?:1.8.0_112]
[16:16:12,794][DEBUG][org.elasticsearch.index.mapper.MapperService][Test worker] using dynamic[true]
[16:16:12,961][DEBUG][org.xbib.elasticsearch.common.langdetect.LangdetectService][Test worker] language detection service installed for [ar, bg, bn, cs, da, de, el, en, es, et, fa, fi, fr, gu, he, hi, hr, hu, id, it, ja, ko, lt, lv, mk, ml, nl, no, pa, pl, pt, ro, ru, sq, sv, ta, te, th, tl, tr, uk, ur, vi, zh-cn, zh-tw]
[16:16:12,964][DEBUG][org.elasticsearch.index.mapper.MapperService][Test worker] using dynamic[true]
[16:16:13,130][DEBUG][org.xbib.elasticsearch.common.langdetect.LangdetectService][Test worker] language detection service installed for [ar, bg, bn, cs, da, de, el, en, es, et, fa, fi, fr, gu, he, hi, hr, hu, id, it, ja, ko, lt, lv, mk, ml, nl, no, pa, pl, pt, ro, ru, sq, sv, ta, te, th, tl, tr, uk, ur, vi, zh-cn, zh-tw]
[16:16:13,137][DEBUG][org.elasticsearch.index.mapper.MapperService][Test worker] using dynamic[true]
[16:16:13,312][DEBUG][org.xbib.elasticsearch.common.langdetect.LangdetectService][Test worker] language detection service installed for [ar, bg, bn, cs, da, de, el, en, es, et, fa, fi, fr, gu, he, hi, hr, hu, id, it, ja, ko, lt, lv, mk, ml, nl, no, pa, pl, pt, ro, ru, sq, sv, ta, te, th, tl, tr, uk, ur, vi, zh-cn, zh-tw]
[16:16:13,320][DEBUG][org.elasticsearch.index.mapper.MapperService][Test worker] using dynamic[true]
[16:16:13,491][DEBUG][org.xbib.elasticsearch.common.langdetect.LangdetectService][Test worker] language detection service installed for [ar, bg, bn, cs, da, de, el, en, es, et, fa, fi, fr, gu, he, hi, hr, hu, id, it, ja, ko, lt, lv, mk, ml, nl, no, pa, pl, pt, ro, ru, sq, sv, ta, te, th, tl, tr, uk, ur, vi, zh-cn, zh-tw]
[16:16:13,497][DEBUG][org.elasticsearch.index.mapper.MapperService][Test worker] using dynamic[true]
[16:16:13,685][DEBUG][org.xbib.elasticsearch.common.langdetect.LangdetectService][Test worker] language detection service installed for [ar, bg, bn, cs, da, de, el, en, es, et, fa, fi, fr, gu, he, hi, hr, hu, id, it, ja, ko, lt, lv, mk, ml, nl, no, pa, pl, pt, ro, ru, sq, sv, ta, te, th, tl, tr, uk, ur, vi, zh-cn, zh-tw]
[16:16:13,686][ERROR][org.xbib.elasticsearch.index.mapper.langdetect.LangdetectMapper][Test worker] Illegal white space character (code 0x20) as character #3 of 4-char base64 unit: can only used between units
 at [Source: org.elasticsearch.common.bytes.BytesReference$MarkSupportingStreamInputWrapper@1f53f724; line: 1, column: 61]
com.fasterxml.jackson.core.JsonParseException: Illegal white space character (code 0x20) as character #3 of 4-char base64 unit: can only used between units
 at [Source: org.elasticsearch.common.bytes.BytesReference$MarkSupportingStreamInputWrapper@1f53f724; line: 1, column: 61]
	at com.fasterxml.jackson.core.JsonParser._constructError(JsonParser.java:1702) ~[jackson-core-2.8.1.jar:2.8.1]
	at com.fasterxml.jackson.core.base.ParserMinimalBase._reportError(ParserMinimalBase.java:558) ~[jackson-core-2.8.1.jar:2.8.1]
	at com.fasterxml.jackson.core.base.ParserMinimalBase._decodeBase64(ParserMinimalBase.java:422) ~[jackson-core-2.8.1.jar:2.8.1]
	at com.fasterxml.jackson.core.json.UTF8StreamJsonParser.getBinaryValue(UTF8StreamJsonParser.java:553) ~[jackson-core-2.8.1.jar:2.8.1]
	at com.fasterxml.jackson.core.JsonParser.getBinaryValue(JsonParser.java:1346) ~[jackson-core-2.8.1.jar:2.8.1]
	at org.elasticsearch.common.xcontent.json.JsonXContentParser.binaryValue(JsonXContentParser.java:182) ~[elasticsearch-5.1.2.jar:5.1.2]
	at org.xbib.elasticsearch.index.mapper.langdetect.LangdetectMapper.parseCreateField(LangdetectMapper.java:96) [main/:?]
	at org.elasticsearch.index.mapper.FieldMapper.parse(FieldMapper.java:286) [elasticsearch-5.1.2.jar:5.1.2]
	at org.elasticsearch.index.mapper.DocumentParser.parseObjectOrField(DocumentParser.java:438) [elasticsearch-5.1.2.jar:5.1.2]
	at org.elasticsearch.index.mapper.DocumentParser.parseValue(DocumentParser.java:564) [elasticsearch-5.1.2.jar:5.1.2]
	at org.elasticsearch.index.mapper.DocumentParser.innerParseObject(DocumentParser.java:384) [elasticsearch-5.1.2.jar:5.1.2]
	at org.elasticsearch.index.mapper.DocumentParser.parseObjectOrNested(DocumentParser.java:361) [elasticsearch-5.1.2.jar:5.1.2]
	at org.elasticsearch.index.mapper.DocumentParser.internalParseDocument(DocumentParser.java:93) [elasticsearch-5.1.2.jar:5.1.2]
	at org.elasticsearch.index.mapper.DocumentParser.parseDocument(DocumentParser.java:66) [elasticsearch-5.1.2.jar:5.1.2]
	at org.elasticsearch.index.mapper.DocumentMapper.parse(DocumentMapper.java:275) [elasticsearch-5.1.2.jar:5.1.2]
	at org.elasticsearch.index.mapper.DocumentMapper.parse(DocumentMapper.java:271) [elasticsearch-5.1.2.jar:5.1.2]
	at org.xbib.elasticsearch.index.mapper.langdetect.LangdetectMappingTest.testBinary(LangdetectMappingTest.java:52) [test/:?]
	at sun.reflect.NativeMethodAccessorImpl.invoke0(Native Method) ~[?:1.8.0_112]
	at sun.reflect.NativeMethodAccessorImpl.invoke(NativeMethodAccessorImpl.java:62) ~[?:1.8.0_112]
	at sun.reflect.DelegatingMethodAccessorImpl.invoke(DelegatingMethodAccessorImpl.java:43) ~[?:1.8.0_112]
	at java.lang.reflect.Method.invoke(Method.java:498) ~[?:1.8.0_112]
	at org.junit.runners.model.FrameworkMethod$1.runReflectiveCall(FrameworkMethod.java:50) [junit-4.12.jar:4.12]
	at org.junit.internal.runners.model.ReflectiveCallable.run(ReflectiveCallable.java:12) [junit-4.12.jar:4.12]
	at org.junit.runners.model.FrameworkMethod.invokeExplosively(FrameworkMethod.java:47) [junit-4.12.jar:4.12]
	at org.junit.internal.runners.statements.InvokeMethod.evaluate(InvokeMethod.java:17) [junit-4.12.jar:4.12]
	at org.junit.runners.ParentRunner.runLeaf(ParentRunner.java:325) [junit-4.12.jar:4.12]
	at org.junit.runners.BlockJUnit4ClassRunner.runChild(BlockJUnit4ClassRunner.java:78) [junit-4.12.jar:4.12]
	at org.junit.runners.BlockJUnit4ClassRunner.runChild(BlockJUnit4ClassRunner.java:57) [junit-4.12.jar:4.12]
	at org.junit.runners.ParentRunner$3.run(ParentRunner.java:290) [junit-4.12.jar:4.12]
	at org.junit.runners.ParentRunner$1.schedule(ParentRunner.java:71) [junit-4.12.jar:4.12]
	at org.junit.runners.ParentRunner.runChildren(ParentRunner.java:288) [junit-4.12.jar:4.12]
	at org.junit.runners.ParentRunner.access$000(ParentRunner.java:58) [junit-4.12.jar:4.12]
	at org.junit.runners.ParentRunner$2.evaluate(ParentRunner.java:268) [junit-4.12.jar:4.12]
	at org.junit.runners.ParentRunner.run(ParentRunner.java:363) [junit-4.12.jar:4.12]
	at org.gradle.api.internal.tasks.testing.junit.JUnitTestClassExecuter.runTestClass(JUnitTestClassExecuter.java:114) [gradle-testing-jvm-3.2.1.jar:3.2.1]
	at org.gradle.api.internal.tasks.testing.junit.JUnitTestClassExecuter.execute(JUnitTestClassExecuter.java:57) [gradle-testing-jvm-3.2.1.jar:3.2.1]
	at org.gradle.api.internal.tasks.testing.junit.JUnitTestClassProcessor.processTestClass(JUnitTestClassProcessor.java:66) [gradle-testing-jvm-3.2.1.jar:3.2.1]
	at org.gradle.api.internal.tasks.testing.SuiteTestClassProcessor.processTestClass(SuiteTestClassProcessor.java:51) [gradle-testing-base-3.2.1.jar:3.2.1]
	at sun.reflect.NativeMethodAccessorImpl.invoke0(Native Method) ~[?:1.8.0_112]
	at sun.reflect.NativeMethodAccessorImpl.invoke(NativeMethodAccessorImpl.java:62) ~[?:1.8.0_112]
	at sun.reflect.DelegatingMethodAccessorImpl.invoke(DelegatingMethodAccessorImpl.java:43) ~[?:1.8.0_112]
	at java.lang.reflect.Method.invoke(Method.java:498) ~[?:1.8.0_112]
	at org.gradle.internal.dispatch.ReflectionDispatch.dispatch(ReflectionDispatch.java:35) [gradle-messaging-3.2.1.jar:3.2.1]
	at org.gradle.internal.dispatch.ReflectionDispatch.dispatch(ReflectionDispatch.java:24) [gradle-messaging-3.2.1.jar:3.2.1]
	at org.gradle.internal.dispatch.ContextClassLoaderDispatch.dispatch(ContextClassLoaderDispatch.java:32) [gradle-messaging-3.2.1.jar:3.2.1]
	at org.gradle.internal.dispatch.ProxyDispatchAdapter$DispatchingInvocationHandler.invoke(ProxyDispatchAdapter.java:93) [gradle-messaging-3.2.1.jar:3.2.1]
	at com.sun.proxy.$Proxy2.processTestClass(Unknown Source) [?:?]
	at org.gradle.api.internal.tasks.testing.worker.TestWorker.processTestClass(TestWorker.java:109) [gradle-testing-base-3.2.1.jar:3.2.1]
	at sun.reflect.NativeMethodAccessorImpl.invoke0(Native Method) ~[?:1.8.0_112]
	at sun.reflect.NativeMethodAccessorImpl.invoke(NativeMethodAccessorImpl.java:62) ~[?:1.8.0_112]
	at sun.reflect.DelegatingMethodAccessorImpl.invoke(DelegatingMethodAccessorImpl.java:43) ~[?:1.8.0_112]
	at java.lang.reflect.Method.invoke(Method.java:498) ~[?:1.8.0_112]
	at org.gradle.internal.dispatch.ReflectionDispatch.dispatch(ReflectionDispatch.java:35) [gradle-messaging-3.2.1.jar:3.2.1]
	at org.gradle.internal.dispatch.ReflectionDispatch.dispatch(ReflectionDispatch.java:24) [gradle-messaging-3.2.1.jar:3.2.1]
	at org.gradle.internal.remote.internal.hub.MessageHub$Handler.run(MessageHub.java:377) [gradle-messaging-3.2.1.jar:3.2.1]
	at org.gradle.internal.concurrent.ExecutorPolicy$CatchAndRecordFailures.onExecute(ExecutorPolicy.java:54) [gradle-base-services-3.2.1.jar:3.2.1]
	at org.gradle.internal.concurrent.StoppableExecutorImpl$1.run(StoppableExecutorImpl.java:40) [gradle-base-services-3.2.1.jar:3.2.1]
	at java.util.concurrent.ThreadPoolExecutor.runWorker(ThreadPoolExecutor.java:1142) [?:1.8.0_112]
	at java.util.concurrent.ThreadPoolExecutor$Worker.run(ThreadPoolExecutor.java:617) [?:1.8.0_112]
	at java.lang.Thread.run(Thread.java:745) [?:1.8.0_112]
[16:16:13,691][DEBUG][org.elasticsearch.index.mapper.MapperService][Test worker] using dynamic[true]
[16:16:14,218][DEBUG][org.xbib.elasticsearch.common.langdetect.LangdetectService][Test worker] language detection service installed for [ar, bg, bn, cs, da, de, el, en, es, et, fa, fi, fr, gu, he, hi, hr, hu, id, it, ja, ko, lt, lv, mk, ml, nl, no, pa, pl, pt, ro, ru, sq, sv, ta, te, th, tl, tr, uk, ur, vi, zh-cn, zh-tw]
[16:16:14,223][DEBUG][org.elasticsearch.index.mapper.MapperService][Test worker] using dynamic[true]
[16:16:14,698][DEBUG][org.xbib.elasticsearch.common.langdetect.LangdetectService][Test worker] language detection service installed for [ar, bg, bn, cs, da, de, el, en, es, et, fa, fi, fr, gu, he, hi, hr, hu, id, it, ja, ko, lt, lv, mk, ml, nl, no, pa, pl, pt, ro, ru, sq, sv, ta, te, th, tl, tr, uk, ur, vi, zh-cn, zh-tw]
</pre>
</span>
</div>
</div>
<div id="footer">
<p>
<div>
<label class="hidden" id="label-for-line-wrapping-toggle" for="line-wrapping-toggle">Wrap lines
<input id="line-wrapping-toggle" type="checkbox" autocomplete="off"/>
</label>
</div>Generated by 
<a href="http://www.gradle.org">Gradle 3.2.1</a> at 26.01.2017 16:16:15</p>
</div>
</div>
</body>
</html>
